android/app/build_old/outputs/logs/manifest-merger-debug-report.txt
-- Merging decision tree log ---
manifest
ADDED from src/main/AndroidManifest.xml:2:1-35:12
INJECTED from src/main/AndroidManifest.xml:2:1-35:12
INJECTED from src/main/AndroidManifest.xml:2:1-35:12
INJECTED from src/main/AndroidManifest.xml:2:1-35:12
MERGED from [androidx.databinding:viewbinding:8.2.0] AndroidManifest.xml:2:1-7:12
MERGED from [androidx.camera:camera-extensions:1.3.1] AndroidManifest.xml:17:1-34:12
MERGED from [androidx.camera:camera-view:1.3.1] AndroidManifest.xml:2:1-7:12
MERGED from [androidx.camera:camera-video:1.3.1] AndroidManifest.xml:2:1-7:12
MERGED from [androidx.camera:camera-lifecycle:1.3.1] AndroidManifest.xml:2:1-7:12
MERGED from [androidx.camera:camera-camera2:1.3.1] AndroidManifest.xml:17:1-36:12
MERGED from [androidx.camera:camera-core:1.3.1] AndroidManifest.xml:17:1-36:12
MERGED from [androidx.appcompat:appcompat:1.1.0] AndroidManifest.xml:17:1-24:12
MERGED from [com.google.dagger:hilt-android:2.50] AndroidManifest.xml:16:1-19:12
MERGED from [androidx.compose.material3:material3:1.1.1] AndroidManifest.xml:17:1-22:12
MERGED from [androidx.compose.material:material-ripple-android:1.5.0] AndroidManifest.xml:2:1-7:12
MERGED from [androidx.compose.material:material-icons-core-android:1.5.0] AndroidManifest.xml:2:1-7:12
MERGED from [androidx.compose.material:material-android:1.5.0] AndroidManifest.xml:2:1-7:12
MERGED from [androidx.compose.animation:animation-core-android:1.5.0] AndroidManifest.xml:2:1-7:12
MERGED from [androidx.compose.animation:animation-android:1.5.0] AndroidManifest.xml:2:1-7:12
MERGED from [androidx.compose.foundation:foundation-layout-android:1.5.0] AndroidManifest.xml:2:1-7:12
MERGED from [androidx.compose.foundation:foundation-android:1.5.0] AndroidManifest.xml:2:1-7:12
MERGED from [androidx.compose.ui:ui-tooling-data-android:1.5.0] AndroidManifest.xml:2:1-7:12
MERGED from [androidx.compose.ui:ui-unit-android:1.5.0] AndroidManifest.xml:2:1-7:12
MERGED from [androidx.compose.ui:ui-geometry-android:1.5.0] AndroidManifest.xml:2:1-7:12
MERGED from [androidx.compose.ui:ui-util-android:1.5.0] AndroidManifest.xml:2:1-7:12
MERGED from [androidx.compose.ui:ui-text-android:1.5.0] AndroidManifest.xml:2:1-7:12
MERGED from [androidx.compose.ui:ui-tooling-preview-android:1.5.0] AndroidManifest.xml:17:1-22:12
MERGED from [androidx.compose.ui:ui-tooling-android:1.5.0] AndroidManifest.xml:17:1-28:12
MERGED from [androidx.compose.ui:ui-graphics-android:1.5.0] AndroidManifest.xml:2:1-7:12
MERGED from [androidx.compose.ui:ui-test-manifest:1.5.0] AndroidManifest.xml:17:1-28:12
MERGED from [androidx.compose.ui:ui-android:1.5.0] AndroidManifest.xml:2:1-7:12
MERGED from [androidx.activity:activity-ktx:1.8.2] AndroidManifest.xml:2:1-7:12
MERGED from [androidx.activity:activity-compose:1.8.2] AndroidManifest.xml:2:1-7:12
MERGED from [androidx.fragment:fragment:1.5.1] AndroidManifest.xml:17:1-24:12
MERGED from [androidx.activity:activity:1.8.2] AndroidManifest.xml:17:1-22:12
MERGED from [androidx.work:work-runtime-ktx:2.9.0] AndroidManifest.xml:17:1-22:12
MERGED from [androidx.work:work-runtime:2.9.0] AndroidManifest.xml:17:1-145:12
MERGED from [androidx.appcompat:appcompat-resources:1.1.0] AndroidManifest.xml:17:1-24:12
MERGED from [androidx.drawerlayout:drawerlayout:1.0.0] AndroidManifest.xml:17:1-22:12
MERGED from [androidx.loader:loader:1.0.0] AndroidManifest.xml:17:1-22:12
MERGED from [androidx.viewpager:viewpager:1.0.0] AndroidManifest.xml:17:1-22:12
MERGED from [androidx.autofill:autofill:1.0.0] AndroidManifest.xml:17:1-24:12
MERGED from [androidx.vectordrawable:vectordrawable-animated:1.1.0] AndroidManifest.xml:17:1-24:12
MERGED from [androidx.vectordrawable:vectordrawable:1.1.0] AndroidManifest.xml:17:1-24:12
MERGED from [androidx.customview:customview:1.0.0] AndroidManifest.xml:17:1-22:12
MERGED from [androidx.emoji2:emoji2:1.4.0] AndroidManifest.xml:17:1-35:12
MERGED from [androidx.core:core:1.12.0] AndroidManifest.xml:17:1-30:12
MERGED from [androidx.lifecycle:lifecycle-process:2.7.0] AndroidManifest.xml:17:1-35:12
MERGED from [androidx.lifecycle:lifecycle-service:2.7.0] AndroidManifest.xml:2:1-7:12
MERGED from [androidx.lifecycle:lifecycle-livedata-core-ktx:2.7.0] AndroidManifest.xml:2:1-7:12
MERGED from [androidx.lifecycle:lifecycle-livedata-core:2.7.0] AndroidManifest.xml:17:1-22:12
MERGED from [androidx.lifecycle:lifecycle-viewmodel-ktx:2.7.0] AndroidManifest.xml:2:1-7:12
MERGED from [androidx.lifecycle:lifecycle-livedata:2.7.0] AndroidManifest.xml:17:1-22:12
MERGED from [androidx.savedstate:savedstate-ktx:1.2.1] AndroidManifest.xml:17:1-22:12
MERGED from [androidx.savedstate:savedstate:1.2.1] AndroidManifest.xml:17:1-22:12
MERGED from [androidx.lifecycle:lifecycle-viewmodel:2.7.0] AndroidManifest.xml:17:1-22:12
MERGED from [androidx.lifecycle:lifecycle-runtime:2.7.0] AndroidManifest.xml:2:1-7:12
MERGED from [androidx.lifecycle:lifecycle-runtime-ktx:2.7.0] AndroidManifest.xml:17:1-22:12
MERGED from [androidx.lifecycle:lifecycle-viewmodel-savedstate:2.7.0] AndroidManifest.xml:17:1-22:12
MERGED from [androidx.customview:customview-poolingcontainer:1.0.0] AndroidManifest.xml:17:1-23:12
MERGED from [androidx.core:core-ktx:1.12.0] AndroidManifest.xml:2:1-7:12
MERGED from [androidx.room:room-runtime:2.6.1] AndroidManifest.xml:17:1-31:12
MERGED from [androidx.room:room-ktx:2.6.1] AndroidManifest.xml:17:1-22:12
MERGED from [androidx.annotation:annotation-experimental:1.3.1] AndroidManifest.xml:17:1-22:12
MERGED from [androidx.sqlite:sqlite-framework:2.4.0] AndroidManifest.xml:17:1-22:12
MERGED from [androidx.sqlite:sqlite:2.4.0] AndroidManifest.xml:17:1-22:12
MERGED from [androidx.compose.runtime:runtime-saveable-android:1.5.0] AndroidManifest.xml:2:1-7:12
MERGED from [androidx.compose.runtime:runtime-android:1.5.0] AndroidManifest.xml:2:1-7:12
MERGED from [com.google.mediapipe:tasks-vision:0.10.9] AndroidManifest.xml:2:1-9:12
MERGED from [androidx.exifinterface:exifinterface:1.3.2] AndroidManifest.xml:17:1-24:12
MERGED from [androidx.arch.core:core-runtime:2.2.0] AndroidManifest.xml:17:1-22:12
MERGED from [androidx.interpolator:interpolator:1.0.0] AndroidManifest.xml:17:1-22:12
MERGED from [androidx.versionedparcelable:versionedparcelable:1.1.1] AndroidManifest.xml:17:1-27:12
MERGED from [androidx.profileinstaller:profileinstaller:1.3.0] AndroidManifest.xml:17:1-55:12
MERGED from [androidx.cursoradapter:cursoradapter:1.0.0] AndroidManifest.xml:17:1-22:12
MERGED from [com.google.mediapipe:tasks-core:0.10.9] AndroidManifest.xml:2:1-9:12
MERGED from [com.google.android.datatransport:transport-backend-cct:3.1.0] AndroidManifest.xml:15:1-38:12
MERGED from [com.google.android.datatransport:transport-runtime:3.1.0] AndroidManifest.xml:15:1-41:12
MERGED from [com.google.android.datatransport:transport-api:3.0.0] AndroidManifest.xml:15:1-22:12
MERGED from [androidx.startup:startup-runtime:1.1.1] AndroidManifest.xml:17:1-33:12
MERGED from [androidx.tracing:tracing:1.0.0] AndroidManifest.xml:17:1-24:12
MERGED from [com.google.firebase:firebase-encoders-json:18.0.0] AndroidManifest.xml:15:1-23:12
MERGED from [com.google.dagger:dagger-lint-aar:2.50] AndroidManifest.xml:16:1-19:12
	package
		INJECTED from src/main/AndroidManifest.xml
	android:versionName
		INJECTED from src/main/AndroidManifest.xml
	xmlns:tools
		ADDED from src/main/AndroidManifest.xml:3:5-51
	android:versionCode
		INJECTED from src/main/AndroidManifest.xml
	xmlns:android
		ADDED from src/main/AndroidManifest.xml:2:11-69
uses-feature#android.hardware.camera.any
ADDED from src/main/AndroidManifest.xml:5:5-64
	android:name
		ADDED from src/main/AndroidManifest.xml:5:19-61
uses-permission#android.permission.CAMERA
ADDED from src/main/AndroidManifest.xml:6:5-65
	android:name
		ADDED from src/main/AndroidManifest.xml:6:22-62
uses-permission#android.permission.RECORD_AUDIO
ADDED from src/main/AndroidManifest.xml:7:5-71
	android:name
		ADDED from src/main/AndroidManifest.xml:7:22-68
uses-permission#android.permission.INTERNET
ADDED from src/main/AndroidManifest.xml:8:5-67
MERGED from [com.google.android.datatransport:transport-backend-cct:3.1.0] AndroidManifest.xml:26:5-67
MERGED from [com.google.android.datatransport:transport-backend-cct:3.1.0] AndroidManifest.xml:26:5-67
	android:name
		ADDED from src/main/AndroidManifest.xml:8:22-64
uses-permission#android.permission.ACCESS_NETWORK_STATE
ADDED from src/main/AndroidManifest.xml:9:5-79
MERGED from [androidx.work:work-runtime:2.9.0] AndroidManifest.xml:24:5-79
MERGED from [androidx.work:work-runtime:2.9.0] AndroidManifest.xml:24:5-79
MERGED from [com.google.android.datatransport:transport-backend-cct:3.1.0] AndroidManifest.xml:25:5-79
MERGED from [com.google.android.datatransport:transport-backend-cct:3.1.0] AndroidManifest.xml:25:5-79
MERGED from [com.google.android.datatransport:transport-runtime:3.1.0] AndroidManifest.xml:22:5-79
MERGED from [com.google.android.datatransport:transport-runtime:3.1.0] AndroidManifest.xml:22:5-79
	android:name
		ADDED from src/main/AndroidManifest.xml:9:22-76
uses-permission#android.permission.READ_EXTERNAL_STORAGE
ADDED from src/main/AndroidManifest.xml:11:5-80
	android:name
		ADDED from src/main/AndroidManifest.xml:11:22-77
uses-permission#android.permission.WRITE_EXTERNAL_STORAGE
ADDED from src/main/AndroidManifest.xml:12:5-13:38
	android:maxSdkVersion
		ADDED from src/main/AndroidManifest.xml:13:9-35
	android:name
		ADDED from src/main/AndroidManifest.xml:12:22-78
application
ADDED from src/main/AndroidManifest.xml:15:5-33:19
INJECTED from src/main/AndroidManifest.xml:15:5-33:19
MERGED from [androidx.camera:camera-extensions:1.3.1] AndroidManifest.xml:28:5-32:19
MERGED from [androidx.camera:camera-extensions:1.3.1] AndroidManifest.xml:28:5-32:19
MERGED from [androidx.camera:camera-camera2:1.3.1] AndroidManifest.xml:23:5-34:19
MERGED from [androidx.camera:camera-camera2:1.3.1] AndroidManifest.xml:23:5-34:19
MERGED from [androidx.camera:camera-core:1.3.1] AndroidManifest.xml:23:5-34:19
MERGED from [androidx.camera:camera-core:1.3.1] AndroidManifest.xml:23:5-34:19
MERGED from [androidx.compose.ui:ui-tooling-android:1.5.0] AndroidManifest.xml:22:5-26:19
MERGED from [androidx.compose.ui:ui-tooling-android:1.5.0] AndroidManifest.xml:22:5-26:19
MERGED from [androidx.compose.ui:ui-test-manifest:1.5.0] AndroidManifest.xml:22:5-26:19
MERGED from [androidx.compose.ui:ui-test-manifest:1.5.0] AndroidManifest.xml:22:5-26:19
MERGED from [androidx.work:work-runtime:2.9.0] AndroidManifest.xml:28:5-143:19
MERGED from [androidx.work:work-runtime:2.9.0] AndroidManifest.xml:28:5-143:19
MERGED from [androidx.emoji2:emoji2:1.4.0] AndroidManifest.xml:23:5-33:19
MERGED from [androidx.emoji2:emoji2:1.4.0] AndroidManifest.xml:23:5-33:19
MERGED from [androidx.core:core:1.12.0] AndroidManifest.xml:28:5-89
MERGED from [androidx.core:core:1.12.0] AndroidManifest.xml:28:5-89
MERGED from [androidx.lifecycle:lifecycle-process:2.7.0] AndroidManifest.xml:23:5-33:19
MERGED from [androidx.lifecycle:lifecycle-process:2.7.0] AndroidManifest.xml:23:5-33:19
MERGED from [androidx.room:room-runtime:2.6.1] AndroidManifest.xml:23:5-29:19
MERGED from [androidx.room:room-runtime:2.6.1] AndroidManifest.xml:23:5-29:19
MERGED from [androidx.versionedparcelable:versionedparcelable:1.1.1] AndroidManifest.xml:24:5-25:19
MERGED from [androidx.versionedparcelable:versionedparcelable:1.1.1] AndroidManifest.xml:24:5-25:19
MERGED from [androidx.profileinstaller:profileinstaller:1.3.0] AndroidManifest.xml:23:5-53:19
MERGED from [androidx.profileinstaller:profileinstaller:1.3.0] AndroidManifest.xml:23:5-53:19
MERGED from [com.google.android.datatransport:transport-backend-cct:3.1.0] AndroidManifest.xml:28:5-36:19
MERGED from [com.google.android.datatransport:transport-backend-cct:3.1.0] AndroidManifest.xml:28:5-36:19
MERGED from [com.google.android.datatransport:transport-runtime:3.1.0] AndroidManifest.xml:25:5-39:19
MERGED from [com.google.android.datatransport:transport-runtime:3.1.0] AndroidManifest.xml:25:5-39:19
MERGED from [androidx.startup:startup-runtime:1.1.1] AndroidManifest.xml:25:5-31:19
MERGED from [androidx.startup:startup-runtime:1.1.1] AndroidManifest.xml:25:5-31:19
	android:extractNativeLibs
		INJECTED from src/main/AndroidManifest.xml
	android:appComponentFactory
		ADDED from [androidx.core:core:1.12.0] AndroidManifest.xml:28:18-86
	android:supportsRtl
		ADDED from src/main/AndroidManifest.xml:19:9-35
	android:label
		ADDED from src/main/AndroidManifest.xml:18:9-41
	tools:targetApi
		ADDED from src/main/AndroidManifest.xml:21:9-29
	android:allowBackup
		ADDED from src/main/AndroidManifest.xml:17:9-35
	android:theme
		ADDED from src/main/AndroidManifest.xml:20:9-46
	android:name
		ADDED from src/main/AndroidManifest.xml:16:9-44
activity#com.handpose.app.MainActivity
ADDED from src/main/AndroidManifest.xml:24:9-32:20
	android:exported
		ADDED from src/main/AndroidManifest.xml:26:13-36
	android:theme
		ADDED from src/main/AndroidManifest.xml:27:13-50
	android:name
		ADDED from src/main/AndroidManifest.xml:25:13-41
intent-filter#action:name:android.intent.action.MAIN+category:name:android.intent.category.LAUNCHER
ADDED from src/main/AndroidManifest.xml:28:13-31:29
action#android.intent.action.MAIN
ADDED from src/main/AndroidManifest.xml:29:17-69
	android:name
		ADDED from src/main/AndroidManifest.xml:29:25-66
category#android.intent.category.LAUNCHER
ADDED from src/main/AndroidManifest.xml:30:17-77
	android:name
		ADDED from src/main/AndroidManifest.xml:30:27-74
uses-sdk
INJECTED from src/main/AndroidManifest.xml reason: use-sdk injection requested
INJECTED from src/main/AndroidManifest.xml
INJECTED from src/main/AndroidManifest.xml
MERGED from [androidx.databinding:viewbinding:8.2.0] AndroidManifest.xml:5:5-44
MERGED from [androidx.databinding:viewbinding:8.2.0] AndroidManifest.xml:5:5-44
MERGED from [androidx.camera:camera-extensions:1.3.1] AndroidManifest.xml:20:5-44
MERGED from [androidx.camera:camera-extensions:1.3.1] AndroidManifest.xml:20:5-44
MERGED from [androidx.camera:camera-view:1.3.1] AndroidManifest.xml:5:5-44
MERGED from [androidx.camera:camera-view:1.3.1] AndroidManifest.xml:5:5-44
MERGED from [androidx.camera:camera-video:1.3.1] AndroidManifest.xml:5:5-44
MERGED from [androidx.camera:camera-video:1.3.1] AndroidManifest.xml:5:5-44
MERGED from [androidx.camera:camera-lifecycle:1.3.1] AndroidManifest.xml:5:5-44
MERGED from [androidx.camera:camera-lifecycle:1.3.1] AndroidManifest.xml:5:5-44
MERGED from [androidx.camera:camera-camera2:1.3.1] AndroidManifest.xml:21:5-44
MERGED from [androidx.camera:camera-camera2:1.3.1] AndroidManifest.xml:21:5-44
MERGED from [androidx.camera:camera-core:1.3.1] AndroidManifest.xml:21:5-44
MERGED from [androidx.camera:camera-core:1.3.1] AndroidManifest.xml:21:5-44
MERGED from [androidx.appcompat:appcompat:1.1.0] AndroidManifest.xml:20:5-22:41
MERGED from [androidx.appcompat:appcompat:1.1.0] AndroidManifest.xml:20:5-22:41
MERGED from [com.google.dagger:hilt-android:2.50] AndroidManifest.xml:18:3-42
MERGED from [com.google.dagger:hilt-android:2.50] AndroidManifest.xml:18:3-42
MERGED from [androidx.compose.material3:material3:1.1.1] AndroidManifest.xml:20:5-44
MERGED from [androidx.compose.material3:material3:1.1.1] AndroidManifest.xml:20:5-44
MERGED from [androidx.compose.material:material-ripple-android:1.5.0] AndroidManifest.xml:5:5-44
MERGED from [androidx.compose.material:material-ripple-android:1.5.0] AndroidManifest.xml:5:5-44
MERGED from [androidx.compose.material:material-icons-core-android:1.5.0] AndroidManifest.xml:5:5-44
MERGED from [androidx.compose.material:material-icons-core-android:1.5.0] AndroidManifest.xml:5:5-44
MERGED from [androidx.compose.material:material-android:1.5.0] AndroidManifest.xml:5:5-44
MERGED from [androidx.compose.material:material-android:1.5.0] AndroidManifest.xml:5:5-44
MERGED from [androidx.compose.animation:animation-core-android:1.5.0] AndroidManifest.xml:5:5-44
MERGED from [androidx.compose.animation:animation-core-android:1.5.0] AndroidManifest.xml:5:5-44
MERGED from [androidx.compose.animation:animation-android:1.5.0] AndroidManifest.xml:5:5-44
MERGED from [androidx.compose.animation:animation-android:1.5.0] AndroidManifest.xml:5:5-44
MERGED from [androidx.compose.foundation:foundation-layout-android:1.5.0] AndroidManifest.xml:5:5-44
MERGED from [androidx.compose.foundation:foundation-layout-android:1.5.0] AndroidManifest.xml:5:5-44
MERGED from [androidx.compose.foundation:foundation-android:1.5.0] AndroidManifest.xml:5:5-44
MERGED from [androidx.compose.foundation:foundation-android:1.5.0] AndroidManifest.xml:5:5-44
MERGED from [androidx.compose.ui:ui-tooling-data-android:1.5.0] AndroidManifest.xml:5:5-44
MERGED from [androidx.compose.ui:ui-tooling-data-android:1.5.0] AndroidManifest.xml:5:5-44
MERGED from [androidx.compose.ui:ui-unit-android:1.5.0] AndroidManifest.xml:5:5-44
MERGED from [androidx.compose.ui:ui-unit-android:1.5.0] AndroidManifest.xml:5:5-44
MERGED from [androidx.compose.ui:ui-geometry-android:1.5.0] AndroidManifest.xml:5:5-44
MERGED from [androidx.compose.ui:ui-geometry-android:1.5.0] AndroidManifest.xml:5:5-44
MERGED from [androidx.compose.ui:ui-util-android:1.5.0] AndroidManifest.xml:5:5-44
MERGED from [androidx.compose.ui:ui-util-android:1.5.0] AndroidManifest.xml:5:5-44
MERGED from [androidx.compose.ui:ui-text-android:1.5.0] AndroidManifest.xml:5:5-44
MERGED from [androidx.compose.ui:ui-text-android:1.5.0] AndroidManifest.xml:5:5-44
MERGED from [androidx.compose.ui:ui-tooling-preview-android:1.5.0] AndroidManifest.xml:20:5-44
MERGED from [androidx.compose.ui:ui-tooling-preview-android:1.5.0] AndroidManifest.xml:20:5-44
MERGED from [androidx.compose.ui:ui-tooling-android:1.5.0] AndroidManifest.xml:20:5-44
MERGED from [androidx.compose.ui:ui-tooling-android:1.5.0] AndroidManifest.xml:20:5-44
MERGED from [androidx.compose.ui:ui-graphics-android:1.5.0] AndroidManifest.xml:5:5-44
MERGED from [androidx.compose.ui:ui-graphics-android:1.5.0] AndroidManifest.xml:5:5-44
MERGED from [androidx.compose.ui:ui-test-manifest:1.5.0] AndroidManifest.xml:20:5-44
MERGED from [androidx.compose.ui:ui-test-manifest:1.5.0] AndroidManifest.xml:20:5-44
MERGED from [androidx.compose.ui:ui-android:1.5.0] AndroidManifest.xml:5:5-44
MERGED from [androidx.compose.ui:ui-android:1.5.0] AndroidManifest.xml:5:5-44
MERGED from [androidx.activity:activity-ktx:1.8.2] AndroidManifest.xml:5:5-44
MERGED from [androidx.activity:activity-ktx:1.8.2] AndroidManifest.xml:5:5-44
MERGED from [androidx.activity:activity-compose:1.8.2] AndroidManifest.xml:5:5-44
MERGED from [androidx.activity:activity-compose:1.8.2] AndroidManifest.xml:5:5-44
MERGED from [androidx.fragment:fragment:1.5.1] AndroidManifest.xml:20:5-22:41
MERGED from [androidx.fragment:fragment:1.5.1] AndroidManifest.xml:20:5-22:41
MERGED from [androidx.activity:activity:1.8.2] AndroidManifest.xml:20:5-44
MERGED from [androidx.activity:activity:1.8.2] AndroidManifest.xml:20:5-44
MERGED from [androidx.work:work-runtime-ktx:2.9.0] AndroidManifest.xml:20:5-44
MERGED from [androidx.work:work-runtime-ktx:2.9.0] AndroidManifest.xml:20:5-44
MERGED from [androidx.work:work-runtime:2.9.0] AndroidManifest.xml:21:5-44
MERGED from [androidx.work:work-runtime:2.9.0] AndroidManifest.xml:21:5-44
MERGED from [androidx.appcompat:appcompat-resources:1.1.0] AndroidManifest.xml:20:5-22:41
MERGED from [androidx.appcompat:appcompat-resources:1.1.0] AndroidManifest.xml:20:5-22:41
MERGED from [androidx.drawerlayout:drawerlayout:1.0.0] AndroidManifest.xml:20:5-44
MERGED from [androidx.drawerlayout:drawerlayout:1.0.0] AndroidManifest.xml:20:5-44
MERGED from [androidx.loader:loader:1.0.0] AndroidManifest.xml:20:5-44
MERGED from [androidx.loader:loader:1.0.0] AndroidManifest.xml:20:5-44
MERGED from [androidx.viewpager:viewpager:1.0.0] AndroidManifest.xml:20:5-44
MERGED from [androidx.viewpager:viewpager:1.0.0] AndroidManifest.xml:20:5-44
MERGED from [androidx.autofill:autofill:1.0.0] AndroidManifest.xml:20:5-22:41
MERGED from [androidx.autofill:autofill:1.0.0] AndroidManifest.xml:20:5-22:41
MERGED from [androidx.vectordrawable:vectordrawable-animated:1.1.0] AndroidManifest.xml:20:5-22:41
MERGED from [androidx.vectordrawable:vectordrawable-animated:1.1.0] AndroidManifest.xml:20:5-22:41
MERGED from [androidx.vectordrawable:vectordrawable:1.1.0] AndroidManifest.xml:20:5-22:41
MERGED from [androidx.vectordrawable:vectordrawable:1.1.0] AndroidManifest.xml:20:5-22:41
MERGED from [androidx.customview:customview:1.0.0] AndroidManifest.xml:20:5-44
MERGED from [androidx.customview:customview:1.0.0] AndroidManifest.xml:20:5-44
MERGED from [androidx.emoji2:emoji2:1.4.0] AndroidManifest.xml:21:5-44
MERGED from [androidx.emoji2:emoji2:1.4.0] AndroidManifest.xml:21:5-44
MERGED from [androidx.core:core:1.12.0] AndroidManifest.xml:20:5-44
MERGED from [androidx.core:core:1.12.0] AndroidManifest.xml:20:5-44
MERGED from [androidx.lifecycle:lifecycle-process:2.7.0] AndroidManifest.xml:21:5-44
MERGED from [androidx.lifecycle:lifecycle-process:2.7.0] AndroidManifest.xml:21:5-44
MERGED from [androidx.lifecycle:lifecycle-service:2.7.0] AndroidManifest.xml:5:5-44
MERGED from [androidx.lifecycle:lifecycle-service:2.7.0] AndroidManifest.xml:5:5-44
MERGED from [androidx.lifecycle:lifecycle-livedata-core-ktx:2.7.0] AndroidManifest.xml:5:5-44
MERGED from [androidx.lifecycle:lifecycle-livedata-core-ktx:2.7.0] AndroidManifest.xml:5:5-44
MERGED from [androidx.lifecycle:lifecycle-livedata-core:2.7.0] AndroidManifest.xml:20:5-44
MERGED from [androidx.lifecycle:lifecycle-livedata-core:2.7.0] AndroidManifest.xml:20:5-44
MERGED from [androidx.lifecycle:lifecycle-viewmodel-ktx:2.7.0] AndroidManifest.xml:5:5-44
MERGED from [androidx.lifecycle:lifecycle-viewmodel-ktx:2.7.0] AndroidManifest.xml:5:5-44
MERGED from [androidx.lifecycle:lifecycle-livedata:2.7.0] AndroidManifest.xml:20:5-44
MERGED from [androidx.lifecycle:lifecycle-livedata:2.7.0] AndroidManifest.xml:20:5-44
MERGED from [androidx.savedstate:savedstate-ktx:1.2.1] AndroidManifest.xml:20:5-44
MERGED from [androidx.savedstate:savedstate-ktx:1.2.1] AndroidManifest.xml:20:5-44
MERGED from [androidx.savedstate:savedstate:1.2.1] AndroidManifest.xml:20:5-44
MERGED from [androidx.savedstate:savedstate:1.2.1] AndroidManifest.xml:20:5-44
MERGED from [androidx.lifecycle:lifecycle-viewmodel:2.7.0] AndroidManifest.xml:20:5-44
MERGED from [androidx.lifecycle:lifecycle-viewmodel:2.7.0] AndroidManifest.xml:20:5-44
MERGED from [androidx.lifecycle:lifecycle-runtime:2.7.0] AndroidManifest.xml:5:5-44
MERGED from [androidx.lifecycle:lifecycle-runtime:2.7.0] AndroidManifest.xml:5:5-44
MERGED from [androidx.lifecycle:lifecycle-runtime-ktx:2.7.0] AndroidManifest.xml:20:5-44
MERGED from [androidx.lifecycle:lifecycle-runtime-ktx:2.7.0] AndroidManifest.xml:20:5-44
MERGED from [androidx.lifecycle:lifecycle-viewmodel-savedstate:2.7.0] AndroidManifest.xml:20:5-44
MERGED from [androidx.lifecycle:lifecycle-viewmodel-savedstate:2.7.0] AndroidManifest.xml:20:5-44
MERGED from [androidx.customview:customview-poolingcontainer:1.0.0] AndroidManifest.xml:20:5-21:38
MERGED from [androidx.customview:customview-poolingcontainer:1.0.0] AndroidManifest.xml:20:5-21:38
MERGED from [androidx.core:core-ktx:1.12.0] AndroidManifest.xml:5:5-44
MERGED from [androidx.core:core-ktx:1.12.0] AndroidManifest.xml:5:5-44
MERGED from [androidx.room:room-runtime:2.6.1] AndroidManifest.xml:21:5-44
MERGED from [androidx.room:room-runtime:2.6.1] AndroidManifest.xml:21:5-44
MERGED from [androidx.room:room-ktx:2.6.1] AndroidManifest.xml:20:5-44
MERGED from [androidx.room:room-ktx:2.6.1] AndroidManifest.xml:20:5-44
MERGED from [androidx.annotation:annotation-experimental:1.3.1] AndroidManifest.xml:20:5-44
MERGED from [androidx.annotation:annotation-experimental:1.3.1] AndroidManifest.xml:20:5-44
MERGED from [androidx.sqlite:sqlite-framework:2.4.0] AndroidManifest.xml:20:5-44
MERGED from [androidx.sqlite:sqlite-framework:2.4.0] AndroidManifest.xml:20:5-44
MERGED from [androidx.sqlite:sqlite:2.4.0] AndroidManifest.xml:20:5-44
MERGED from [androidx.sqlite:sqlite:2.4.0] AndroidManifest.xml:20:5-44
MERGED from [androidx.compose.runtime:runtime-saveable-android:1.5.0] AndroidManifest.xml:5:5-44
MERGED from [androidx.compose.runtime:runtime-saveable-android:1.5.0] AndroidManifest.xml:5:5-44
MERGED from [androidx.compose.runtime:runtime-android:1.5.0] AndroidManifest.xml:5:5-44
MERGED from [androidx.compose.runtime:runtime-android:1.5.0] AndroidManifest.xml:5:5-44
MERGED from [com.google.mediapipe:tasks-vision:0.10.9] AndroidManifest.xml:5:5-7:41
MERGED from [com.google.mediapipe:tasks-vision:0.10.9] AndroidManifest.xml:5:5-7:41
MERGED from [androidx.exifinterface:exifinterface:1.3.2] AndroidManifest.xml:20:5-22:41
MERGED from [androidx.exifinterface:exifinterface:1.3.2] AndroidManifest.xml:20:5-22:41
MERGED from [androidx.arch.core:core-runtime:2.2.0] AndroidManifest.xml:20:5-44
MERGED from [androidx.arch.core:core-runtime:2.2.0] AndroidManifest.xml:20:5-44
MERGED from [androidx.interpolator:interpolator:1.0.0] AndroidManifest.xml:20:5-44
MERGED from [androidx.interpolator:interpolator:1.0.0] AndroidManifest.xml:20:5-44
MERGED from [androidx.versionedparcelable:versionedparcelable:1.1.1] AndroidManifest.xml:20:5-22:41
MERGED from [androidx.versionedparcelable:versionedparcelable:1.1.1] AndroidManifest.xml:20:5-22:41
MERGED from [androidx.profileinstaller:profileinstaller:1.3.0] AndroidManifest.xml:21:5-44
MERGED from [androidx.profileinstaller:profileinstaller:1.3.0] AndroidManifest.xml:21:5-44
MERGED from [androidx.cursoradapter:cursoradapter:1.0.0] AndroidManifest.xml:20:5-44
MERGED from [androidx.cursoradapter:cursoradapter:1.0.0] AndroidManifest.xml:20:5-44
MERGED from [com.google.mediapipe:tasks-core:0.10.9] AndroidManifest.xml:5:5-7:41
MERGED from [com.google.mediapipe:tasks-core:0.10.9] AndroidManifest.xml:5:5-7:41
MERGED from [com.google.android.datatransport:transport-backend-cct:3.1.0] AndroidManifest.xml:19:5-21:41
MERGED from [com.google.android.datatransport:transport-backend-cct:3.1.0] AndroidManifest.xml:19:5-21:41
MERGED from [com.google.android.datatransport:transport-runtime:3.1.0] AndroidManifest.xml:18:5-20:41
MERGED from [com.google.android.datatransport:transport-runtime:3.1.0] AndroidManifest.xml:18:5-20:41
MERGED from [com.google.android.datatransport:transport-api:3.0.0] AndroidManifest.xml:18:5-20:41
MERGED from [com.google.android.datatransport:transport-api:3.0.0] AndroidManifest.xml:18:5-20:41
MERGED from [androidx.startup:startup-runtime:1.1.1] AndroidManifest.xml:21:5-23:41
MERGED from [androidx.startup:startup-runtime:1.1.1] AndroidManifest.xml:21:5-23:41
MERGED from [androidx.tracing:tracing:1.0.0] AndroidManifest.xml:20:5-22:41
MERGED from [androidx.tracing:tracing:1.0.0] AndroidManifest.xml:20:5-22:41
MERGED from [com.google.firebase:firebase-encoders-json:18.0.0] AndroidManifest.xml:19:5-21:41
MERGED from [com.google.firebase:firebase-encoders-json:18.0.0] AndroidManifest.xml:19:5-21:41
MERGED from [com.google.dagger:dagger-lint-aar:2.50] AndroidManifest.xml:18:3-42
MERGED from [com.google.dagger:dagger-lint-aar:2.50] AndroidManifest.xml:18:3-42
	android:targetSdkVersion
		INJECTED from src/main/AndroidManifest.xml
	android:minSdkVersion
		INJECTED from src/main/AndroidManifest.xml
queries
ADDED from [androidx.camera:camera-extensions:1.3.1] AndroidManifest.xml:22:5-26:15
intent#action:name:androidx.camera.extensions.action.VENDOR_ACTION
ADDED from [androidx.camera:camera-extensions:1.3.1] AndroidManifest.xml:23:9-25:18
action#androidx.camera.extensions.action.VENDOR_ACTION
ADDED from [androidx.camera:camera-extensions:1.3.1] AndroidManifest.xml:24:13-86
	android:name
		ADDED from [androidx.camera:camera-extensions:1.3.1] AndroidManifest.xml:24:21-83
uses-library#androidx.camera.extensions.impl
ADDED from [androidx.camera:camera-extensions:1.3.1] AndroidManifest.xml:29:9-31:40
	android:required
		ADDED from [androidx.camera:camera-extensions:1.3.1] AndroidManifest.xml:31:13-37
	android:name
		ADDED from [androidx.camera:camera-extensions:1.3.1] AndroidManifest.xml:30:13-59
service#androidx.camera.core.impl.MetadataHolderService
ADDED from [androidx.camera:camera-camera2:1.3.1] AndroidManifest.xml:24:9-33:19
MERGED from [androidx.camera:camera-core:1.3.1] AndroidManifest.xml:29:9-33:78
MERGED from [androidx.camera:camera-core:1.3.1] AndroidManifest.xml:29:9-33:78
	tools:node
		ADDED from [androidx.camera:camera-camera2:1.3.1] AndroidManifest.xml:29:13-31
	android:enabled
		ADDED from [androidx.camera:camera-camera2:1.3.1] AndroidManifest.xml:26:13-36
	android:exported
		ADDED from [androidx.camera:camera-camera2:1.3.1] AndroidManifest.xml:27:13-37
	tools:ignore
		ADDED from [androidx.camera:camera-camera2:1.3.1] AndroidManifest.xml:28:13-75
	android:name
		ADDED from [androidx.camera:camera-camera2:1.3.1] AndroidManifest.xml:25:13-75
meta-data#androidx.camera.core.impl.MetadataHolderService.DEFAULT_CONFIG_PROVIDER
ADDED from [androidx.camera:camera-camera2:1.3.1] AndroidManifest.xml:30:13-32:89
	android:value
		ADDED from [androidx.camera:camera-camera2:1.3.1] AndroidManifest.xml:32:17-86
	android:name
		ADDED from [androidx.camera:camera-camera2:1.3.1] AndroidManifest.xml:31:17-103
activity#androidx.compose.ui.tooling.PreviewActivity
ADDED from [androidx.compose.ui:ui-tooling-android:1.5.0] AndroidManifest.xml:23:9-25:39
	android:exported
		ADDED from [androidx.compose.ui:ui-tooling-android:1.5.0] AndroidManifest.xml:25:13-36
	android:name
		ADDED from [androidx.compose.ui:ui-tooling-android:1.5.0] AndroidManifest.xml:24:13-71
activity#androidx.activity.ComponentActivity
ADDED from [androidx.compose.ui:ui-test-manifest:1.5.0] AndroidManifest.xml:23:9-25:39
	android:exported
		ADDED from [androidx.compose.ui:ui-test-manifest:1.5.0] AndroidManifest.xml:25:13-36
	android:name
		ADDED from [androidx.compose.ui:ui-test-manifest:1.5.0] AndroidManifest.xml:24:13-63
uses-permission#android.permission.WAKE_LOCK
ADDED from [androidx.work:work-runtime:2.9.0] AndroidManifest.xml:23:5-68
	android:name